[2019-03-28 23:47:31] Текст ошибки: Страница не найдена | Файл: W:\domains\ishop2.loc\public\index.php | Строка: 8
=================
[2019-03-28 23:48:13] Текст ошибки: Страница не найдена | Файл: W:\domains\ishop2.loc\public\index.php | Строка: 8
=================
[2019-03-28 23:49:03] Текст ошибки: Страница не найдена | Файл: W:\domains\ishop2.loc\public\index.php | Строка: 8
=================
[2019-03-28 23:49:37] Текст ошибки: Страница не найдена | Файл: W:\domains\ishop2.loc\public\index.php | Строка: 8
=================
[2019-03-28 23:50:31] Текст ошибки: Страница не найдена | Файл: W:\domains\ishop2.loc\public\index.php | Строка: 8
=================
[2019-03-29 00:14:27] Текст ошибки: Страница не найдена | Файл: W:\domains\ishop2.loc\public\index.php | Строка: 8
=================
[2019-03-29 00:14:29] Текст ошибки: Страница не найдена | Файл: W:\domains\ishop2.loc\public\index.php | Строка: 8
=================
[2019-03-29 00:15:34] Текст ошибки: Страница не найдена | Файл: W:\domains\ishop2.loc\public\index.php | Строка: 8
=================
[2019-03-29 00:18:31] Текст ошибки: Страница не найдена | Файл: W:\domains\ishop2.loc\public\index.php | Строка: 8
=================
[2019-03-29 00:21:31] Текст ошибки: Страница не найдена | Файл: W:\domains\ishop2.loc\public\index.php | Строка: 8
=================
[2019-03-29 00:21:33] Текст ошибки: Страница не найдена | Файл: W:\domains\ishop2.loc\public\index.php | Строка: 8
=================
[2019-03-29 00:21:36] Текст ошибки: Страница не найдена | Файл: W:\domains\ishop2.loc\public\index.php | Строка: 8
=================
[2019-03-29 00:22:05] Текст ошибки: Страница не найдена | Файл: W:\domains\ishop2.loc\public\index.php | Строка: 8
=================
[2019-03-29 01:15:13] Текст ошибки: Страница не найдена | Файл: W:\domains\ishop2.loc\public\index.php | Строка: 8
=================
[2019-03-29 01:15:59] Текст ошибки: Страница не найдена | Файл: W:\domains\ishop2.loc\public\index.php | Строка: 8
=================
[2019-03-29 01:16:37] Текст ошибки: Страница не найдена | Файл: W:\domains\ishop2.loc\public\index.php | Строка: 8
=================
[2019-03-29 01:17:49] Текст ошибки: Страница не найдена | Файл: W:\domains\ishop2.loc\public\index.php | Строка: 8
=================
[2019-03-29 01:17:51] Текст ошибки: Страница не найдена | Файл: W:\domains\ishop2.loc\public\index.php | Строка: 8
=================
[2019-03-29 01:17:53] Текст ошибки: Страница не найдена | Файл: W:\domains\ishop2.loc\public\index.php | Строка: 8
=================
[2019-03-29 01:18:53] Текст ошибки: Страница не найдена | Файл: W:\domains\ishop2.loc\public\index.php | Строка: 8
=================
[2019-03-29 01:18:57] Текст ошибки: Страница не найдена | Файл: W:\domains\ishop2.loc\public\index.php | Строка: 8
=================
[2019-03-29 01:19:13] Текст ошибки: Страница не найдена | Файл: W:\domains\ishop2.loc\public\index.php | Строка: 8
=================
[2019-03-29 01:19:15] Текст ошибки: Страница не найдена | Файл: W:\domains\ishop2.loc\public\index.php | Строка: 8
=================
[2019-03-29 01:19:26] Текст ошибки: Страница не найдена | Файл: W:\domains\ishop2.loc\public\index.php | Строка: 8
=================
[2019-03-29 01:23:53] Текст ошибки: Страница не найдена | Файл: W:\domains\ishop2.loc\public\index.php | Строка: 8
=================
[2019-03-29 21:06:37] Текст ошибки: Страница не найдена | Файл: W:\domains\ishop2.loc\public\index.php | Строка: 8
=================
[2019-03-29 21:13:54] Текст ошибки: Страница не найдена | Файл: W:\domains\ishop2.loc\public\index.php | Строка: 8
=================
[2019-03-30 14:09:27] Текст ошибки: Страница не найдена | Файл: W:\domains\ishop2.loc\vendor\ishop\core\Router.php | Строка: 25
=================
[2019-03-30 14:09:47] Текст ошибки: Страница не найдена | Файл: W:\domains\ishop2.loc\vendor\ishop\core\Router.php | Строка: 25
=================
[2019-03-30 14:10:31] Текст ошибки: Страница не найдена | Файл: W:\domains\ishop2.loc\vendor\ishop\core\Router.php | Строка: 25
=================
[2019-03-30 14:17:46] Текст ошибки: Undefined class constant 'route' | Файл: W:\domains\ishop2.loc\vendor\ishop\core\Router.php | Строка: 23
=================
[2019-03-30 14:17:46] Текст ошибки: Страница не найдена | Файл: W:\domains\ishop2.loc\vendor\ishop\core\Router.php | Строка: 25
=================
[2019-03-30 14:36:29] Текст ошибки: Undefined class constant 'route' | Файл: W:\domains\ishop2.loc\vendor\ishop\core\Router.php | Строка: 23
=================
[2019-03-30 14:39:27] Текст ошибки: Undefined class constant 'route' | Файл: W:\domains\ishop2.loc\vendor\ishop\core\Router.php | Строка: 23
=================
[2019-03-30 14:42:49] Текст ошибки: Undefined class constant 'route' | Файл: W:\domains\ishop2.loc\vendor\ishop\core\Router.php | Строка: 23
=================
[2019-03-30 14:42:51] Текст ошибки: Undefined class constant 'route' | Файл: W:\domains\ishop2.loc\vendor\ishop\core\Router.php | Строка: 23
=================
[2019-03-30 14:43:04] Текст ошибки: Undefined class constant 'route' | Файл: W:\domains\ishop2.loc\vendor\ishop\core\Router.php | Строка: 23
=================
[2019-03-30 14:43:14] Текст ошибки: Undefined class constant 'route' | Файл: W:\domains\ishop2.loc\vendor\ishop\core\Router.php | Строка: 23
=================
[2019-03-30 14:44:47] Текст ошибки: Undefined class constant 'route' | Файл: W:\domains\ishop2.loc\vendor\ishop\core\Router.php | Строка: 23
=================
[2019-03-30 14:44:48] Текст ошибки: Undefined class constant 'route' | Файл: W:\domains\ishop2.loc\vendor\ishop\core\Router.php | Строка: 23
=================
[2019-03-30 15:06:21] Текст ошибки: Undefined class constant 'route' | Файл: W:\domains\ishop2.loc\vendor\ishop\core\Router.php | Строка: 23
=================
[2019-03-30 15:06:33] Текст ошибки: Undefined class constant 'route' | Файл: W:\domains\ishop2.loc\vendor\ishop\core\Router.php | Строка: 23
=================
[2019-03-30 15:09:12] Текст ошибки: Undefined class constant 'route' | Файл: W:\domains\ishop2.loc\vendor\ishop\core\Router.php | Строка: 23
=================
[2019-03-30 15:09:34] Текст ошибки: Undefined class constant 'route' | Файл: W:\domains\ishop2.loc\vendor\ishop\core\Router.php | Строка: 23
=================
[2019-03-30 15:09:53] Текст ошибки: Undefined class constant 'route' | Файл: W:\domains\ishop2.loc\vendor\ishop\core\Router.php | Строка: 23
=================
[2019-03-30 15:10:30] Текст ошибки: Undefined class constant 'route' | Файл: W:\domains\ishop2.loc\vendor\ishop\core\Router.php | Строка: 23
=================
[2019-03-30 15:11:36] Текст ошибки: Undefined class constant 'route' | Файл: W:\domains\ishop2.loc\vendor\ishop\core\Router.php | Строка: 23
=================
[2019-03-30 15:13:12] Текст ошибки: Undefined class constant 'route' | Файл: W:\domains\ishop2.loc\vendor\ishop\core\Router.php | Строка: 23
=================
[2019-03-30 15:13:28] Текст ошибки: Undefined class constant 'route' | Файл: W:\domains\ishop2.loc\vendor\ishop\core\Router.php | Строка: 23
=================
[2019-03-30 15:15:56] Текст ошибки: Undefined class constant 'route' | Файл: W:\domains\ishop2.loc\vendor\ishop\core\Router.php | Строка: 23
=================
[2019-03-30 15:16:07] Текст ошибки: Undefined class constant 'route' | Файл: W:\domains\ishop2.loc\vendor\ishop\core\Router.php | Строка: 23
=================
[2019-03-30 15:30:08] Текст ошибки: Undefined class constant 'route' | Файл: W:\domains\ishop2.loc\vendor\ishop\core\Router.php | Строка: 23
=================
[2019-03-30 15:30:15] Текст ошибки: Undefined class constant 'route' | Файл: W:\domains\ishop2.loc\vendor\ishop\core\Router.php | Строка: 23
=================
[2019-03-30 15:30:53] Текст ошибки: Undefined class constant 'route' | Файл: W:\domains\ishop2.loc\vendor\ishop\core\Router.php | Строка: 23
=================
[2019-03-30 15:30:54] Текст ошибки: Undefined class constant 'route' | Файл: W:\domains\ishop2.loc\vendor\ishop\core\Router.php | Строка: 23
=================
[2019-03-30 15:30:55] Текст ошибки: Undefined class constant 'route' | Файл: W:\domains\ishop2.loc\vendor\ishop\core\Router.php | Строка: 23
=================
[2019-03-30 15:31:00] Текст ошибки: Undefined class constant 'route' | Файл: W:\domains\ishop2.loc\vendor\ishop\core\Router.php | Строка: 23
=================
[2019-03-30 15:31:00] Текст ошибки: Undefined class constant 'route' | Файл: W:\domains\ishop2.loc\vendor\ishop\core\Router.php | Строка: 23
=================
[2019-03-30 15:31:00] Текст ошибки: Undefined class constant 'route' | Файл: W:\domains\ishop2.loc\vendor\ishop\core\Router.php | Строка: 23
=================
[2019-03-30 15:31:01] Текст ошибки: Undefined class constant 'route' | Файл: W:\domains\ishop2.loc\vendor\ishop\core\Router.php | Строка: 23
=================
[2019-03-30 15:31:44] Текст ошибки: Undefined class constant 'route' | Файл: W:\domains\ishop2.loc\vendor\ishop\core\Router.php | Строка: 23
=================
[2019-03-30 15:31:45] Текст ошибки: Undefined class constant 'route' | Файл: W:\domains\ishop2.loc\vendor\ishop\core\Router.php | Строка: 23
=================
[2019-03-30 15:31:45] Текст ошибки: Undefined class constant 'route' | Файл: W:\domains\ishop2.loc\vendor\ishop\core\Router.php | Строка: 23
=================
[2019-03-30 15:31:45] Текст ошибки: Undefined class constant 'route' | Файл: W:\domains\ishop2.loc\vendor\ishop\core\Router.php | Строка: 23
=================
[2019-03-30 15:31:45] Текст ошибки: Undefined class constant 'route' | Файл: W:\domains\ishop2.loc\vendor\ishop\core\Router.php | Строка: 23
=================
[2019-03-30 15:38:46] Текст ошибки: Undefined class constant 'route' | Файл: W:\domains\ishop2.loc\vendor\ishop\core\Router.php | Строка: 23
=================
[2019-03-30 15:38:46] Текст ошибки: Undefined class constant 'route' | Файл: W:\domains\ishop2.loc\vendor\ishop\core\Router.php | Строка: 23
=================
[2019-03-30 15:38:46] Текст ошибки: Undefined class constant 'route' | Файл: W:\domains\ishop2.loc\vendor\ishop\core\Router.php | Строка: 23
=================
[2019-03-30 15:38:47] Текст ошибки: Undefined class constant 'route' | Файл: W:\domains\ishop2.loc\vendor\ishop\core\Router.php | Строка: 23
=================
[2019-03-30 15:38:47] Текст ошибки: Undefined class constant 'route' | Файл: W:\domains\ishop2.loc\vendor\ishop\core\Router.php | Строка: 23
=================
[2019-03-30 15:38:53] Текст ошибки: Undefined class constant 'route' | Файл: W:\domains\ishop2.loc\vendor\ishop\core\Router.php | Строка: 23
=================
[2019-03-30 15:38:54] Текст ошибки: Undefined class constant 'route' | Файл: W:\domains\ishop2.loc\vendor\ishop\core\Router.php | Строка: 23
=================
[2019-03-30 15:38:54] Текст ошибки: Undefined class constant 'route' | Файл: W:\domains\ishop2.loc\vendor\ishop\core\Router.php | Строка: 23
=================
[2019-03-30 15:38:54] Текст ошибки: Undefined class constant 'route' | Файл: W:\domains\ishop2.loc\vendor\ishop\core\Router.php | Строка: 23
=================
[2019-03-30 15:38:54] Текст ошибки: Undefined class constant 'route' | Файл: W:\domains\ishop2.loc\vendor\ishop\core\Router.php | Строка: 23
=================
[2019-03-30 15:38:54] Текст ошибки: Undefined class constant 'route' | Файл: W:\domains\ishop2.loc\vendor\ishop\core\Router.php | Строка: 23
=================
[2019-03-30 15:40:56] Текст ошибки: Undefined class constant 'route' | Файл: W:\domains\ishop2.loc\vendor\ishop\core\Router.php | Строка: 23
=================
[2019-03-30 15:40:57] Текст ошибки: Undefined class constant 'route' | Файл: W:\domains\ishop2.loc\vendor\ishop\core\Router.php | Строка: 23
=================
[2019-03-30 15:40:57] Текст ошибки: Undefined class constant 'route' | Файл: W:\domains\ishop2.loc\vendor\ishop\core\Router.php | Строка: 23
=================
[2019-03-30 15:40:57] Текст ошибки: Undefined class constant 'route' | Файл: W:\domains\ishop2.loc\vendor\ishop\core\Router.php | Строка: 23
=================
[2019-03-30 15:40:58] Текст ошибки: Undefined class constant 'route' | Файл: W:\domains\ishop2.loc\vendor\ishop\core\Router.php | Строка: 23
=================
[2019-03-30 15:43:33] Текст ошибки: Undefined class constant 'route' | Файл: W:\domains\ishop2.loc\vendor\ishop\core\Router.php | Строка: 23
=================
[2019-03-30 15:43:48] Текст ошибки: Undefined class constant 'route' | Файл: W:\domains\ishop2.loc\vendor\ishop\core\Router.php | Строка: 23
=================
[2019-03-30 15:43:56] Текст ошибки: Undefined class constant 'route' | Файл: W:\domains\ishop2.loc\vendor\ishop\core\Router.php | Строка: 23
=================
[2019-03-30 15:44:47] Текст ошибки: Метод app\controllers\PageController::indexAction не найден | Файл: W:\domains\ishop2.loc\vendor\ishop\core\Router.php | Строка: 31
=================
